# JRE version: OpenJDK Runtime Environment (17.0.11) (build 17.0.11+0--11852314)
# Java VM: OpenJDK 64-Bit Server VM (17.0.11+0--11852314, mixed mode, tiered, compressed oops, compressed class ptrs, g1 gc, windows-amd64)
GC Precious Log:
 CPUs: 4 total, 4 available
 Memory: 7592M
 Large Page Support: Disabled
 NUMA Support: Disabled
 Compressed Oops: Enabled (32-bit)
 Heap Region Size: 1M
 Heap Min Capacity: 8M
 Heap Initial Capacity: 120M
 Heap Max Capacity: 2G
 Pre-touch: Disabled
 Parallel Workers: 4
 Concurrent Workers: 1
 Concurrent Refinement Workers: 4
 Periodic GC: Disabled
Heap:
 garbage-first heap   total 316416K, used 141812K [0x0000000080000000, 0x0000000100000000)
  region size 1024K, 9 young (9216K), 9 survivors (9216K)
 Metaspace       used 116607K, committed 117440K, reserved 1179648K
  class space    used 15664K, committed 16064K, reserved 1048576K
GC Heap History (20 events):
Event: 33.275 GC heap after
{Heap after GC invocations=45 (full 0):
 garbage-first heap   total 247808K, used 114919K [0x0000000080000000, 0x0000000100000000)
  region size 1024K, 4 young (4096K), 4 survivors (4096K)
 Metaspace       used 106094K, committed 106880K, reserved 1179648K
  class space    used 14476K, committed 14848K, reserved 1048576K
}
Event: 35.111 GC heap before
{Heap before GC invocations=45 (full 0):
 garbage-first heap   total 247808K, used 198887K [0x0000000080000000, 0x0000000100000000)
  region size 1024K, 86 young (88064K), 4 survivors (4096K)
 Metaspace       used 106696K, committed 107392K, reserved 1179648K
  class space    used 14581K, committed 14912K, reserved 1048576K
}
Event: 35.134 GC heap after
{Heap after GC invocations=46 (full 0):
 garbage-first heap   total 247808K, used 117736K [0x0000000080000000, 0x0000000100000000)
  region size 1024K, 6 young (6144K), 6 survivors (6144K)
 Metaspace       used 106696K, committed 107392K, reserved 1179648K
  class space    used 14581K, committed 14912K, reserved 1048576K
}
Event: 40.712 GC heap before
{Heap before GC invocations=46 (full 0):
 garbage-first heap   total 247808K, used 202728K [0x0000000080000000, 0x0000000100000000)
  region size 1024K, 90 young (92160K), 6 survivors (6144K)
 Metaspace       used 106767K, committed 107456K, reserved 1179648K
  class space    used 14584K, committed 14912K, reserved 1048576K
}
Event: 40.729 GC heap after
{Heap after GC invocations=47 (full 0):
 garbage-first heap   total 247808K, used 120310K [0x0000000080000000, 0x0000000100000000)
  region size 1024K, 9 young (9216K), 9 survivors (9216K)
 Metaspace       used 106767K, committed 107456K, reserved 1179648K
  class space    used 14584K, committed 14912K, reserved 1048576K
}
Event: 42.928 GC heap before
{Heap before GC invocations=47 (full 0):
 garbage-first heap   total 247808K, used 203254K [0x0000000080000000, 0x0000000100000000)
  region size 1024K, 91 young (93184K), 9 survivors (9216K)
 Metaspace       used 106997K, committed 107776K, reserved 1179648K
  class space    used 14619K, committed 14976K, reserved 1048576K
}
Event: 42.951 GC heap after
{Heap after GC invocations=48 (full 0):
 garbage-first heap   total 247808K, used 122890K [0x0000000080000000, 0x0000000100000000)
  region size 1024K, 8 young (8192K), 8 survivors (8192K)
 Metaspace       used 106997K, committed 107776K, reserved 1179648K
  class space    used 14619K, committed 14976K, reserved 1048576K
}
Event: 44.991 GC heap before
{Heap before GC invocations=48 (full 0):
 garbage-first heap   total 247808K, used 203786K [0x0000000080000000, 0x0000000100000000)
  region size 1024K, 88 young (90112K), 8 survivors (8192K)
 Metaspace       used 107098K, committed 107904K, reserved 1179648K
  class space    used 14627K, committed 14976K, reserved 1048576K
}
Event: 45.010 GC heap after
{Heap after GC invocations=49 (full 0):
 garbage-first heap   total 247808K, used 126035K [0x0000000080000000, 0x0000000100000000)
  region size 1024K, 8 young (8192K), 8 survivors (8192K)
 Metaspace       used 107098K, committed 107904K, reserved 1179648K
  class space    used 14627K, committed 14976K, reserved 1048576K
}
Event: 45.761 GC heap before
{Heap before GC invocations=49 (full 0):
 garbage-first heap   total 247808K, used 204883K [0x0000000080000000, 0x0000000100000000)
  region size 1024K, 86 young (88064K), 8 survivors (8192K)
 Metaspace       used 107138K, committed 107904K, reserved 1179648K
  class space    used 14628K, committed 14976K, reserved 1048576K
}
Event: 45.781 GC heap after
{Heap after GC invocations=50 (full 0):
 garbage-first heap   total 247808K, used 128484K [0x0000000080000000, 0x0000000100000000)
  region size 1024K, 8 young (8192K), 8 survivors (8192K)
 Metaspace       used 107138K, committed 107904K, reserved 1179648K
  class space    used 14628K, committed 14976K, reserved 1048576K
}
Event: 46.561 GC heap before
{Heap before GC invocations=50 (full 0):
 garbage-first heap   total 247808K, used 205284K [0x0000000080000000, 0x0000000100000000)
  region size 1024K, 84 young (86016K), 8 survivors (8192K)
 Metaspace       used 107210K, committed 108032K, reserved 1179648K
  class space    used 14632K, committed 15040K, reserved 1048576K
}
Event: 46.580 GC heap after
{Heap after GC invocations=51 (full 0):
 garbage-first heap   total 247808K, used 130376K [0x0000000080000000, 0x0000000100000000)
  region size 1024K, 7 young (7168K), 7 survivors (7168K)
 Metaspace       used 107210K, committed 108032K, reserved 1179648K
  class space    used 14632K, committed 15040K, reserved 1048576K
}
Event: 48.513 GC heap before
{Heap before GC invocations=51 (full 0):
 garbage-first heap   total 247808K, used 202056K [0x0000000080000000, 0x0000000100000000)
  region size 1024K, 61 young (62464K), 7 survivors (7168K)
 Metaspace       used 110184K, committed 110976K, reserved 1179648K
  class space    used 15031K, committed 15424K, reserved 1048576K
}
Event: 48.546 GC heap after
{Heap after GC invocations=52 (full 0):
 garbage-first heap   total 247808K, used 154757K [0x0000000080000000, 0x0000000100000000)
  region size 1024K, 10 young (10240K), 10 survivors (10240K)
 Metaspace       used 110184K, committed 110976K, reserved 1179648K
  class space    used 15031K, committed 15424K, reserved 1048576K
}
Event: 50.080 GC heap before
{Heap before GC invocations=53 (full 0):
 garbage-first heap   total 316416K, used 302213K [0x0000000080000000, 0x0000000100000000)
  region size 1024K, 18 young (18432K), 10 survivors (10240K)
 Metaspace       used 110383K, committed 111104K, reserved 1179648K
  class space    used 15067K, committed 15424K, reserved 1048576K
}
Event: 50.115 GC heap after
{Heap after GC invocations=54 (full 0):
 garbage-first heap   total 316416K, used 139118K [0x0000000080000000, 0x0000000100000000)
  region size 1024K, 2 young (2048K), 2 survivors (2048K)
 Metaspace       used 110383K, committed 111104K, reserved 1179648K
  class space    used 15067K, committed 15424K, reserved 1048576K
}
Event: 50.380 GC heap before
{Heap before GC invocations=54 (full 0):
 garbage-first heap   total 316416K, used 311150K [0x0000000080000000, 0x0000000100000000)
  region size 1024K, 3 young (3072K), 2 survivors (2048K)
 Metaspace       used 110386K, committed 111104K, reserved 1179648K
  class space    used 15067K, committed 15424K, reserved 1048576K
}
Event: 50.387 GC heap after
{Heap after GC invocations=55 (full 0):
 garbage-first heap   total 316416K, used 142528K [0x0000000080000000, 0x0000000100000000)
  region size 1024K, 1 young (1024K), 1 survivors (1024K)
 Metaspace       used 110386K, committed 111104K, reserved 1179648K
  class space    used 15067K, committed 15424K, reserved 1048576K
}
Event: 150.937 GC heap before
{Heap before GC invocations=55 (full 0):
 garbage-first heap   total 316416K, used 274624K [0x0000000080000000, 0x0000000100000000)
  region size 1024K, 121 young (123904K), 1 survivors (1024K)
 Metaspace       used 116607K, committed 117440K, reserved 1179648K
  class space    used 15664K, committed 16064K, reserved 1048576K
}

