# JRE version: OpenJDK Runtime Environment (17.0.11) (build 17.0.11+0--11852314)
# Java VM: OpenJDK 64-Bit Server VM (17.0.11+0--11852314, mixed mode, tiered, compressed oops, compressed class ptrs, g1 gc, windows-amd64)
GC Precious Log:
 CPUs: 4 total, 4 available
 Memory: 7592M
 Large Page Support: Disabled
 NUMA Support: Disabled
 Compressed Oops: Enabled (32-bit)
 Heap Region Size: 1M
 Heap Min Capacity: 8M
 Heap Initial Capacity: 120M
 Heap Max Capacity: 1900M
 Pre-touch: Disabled
 Parallel Workers: 4
 Concurrent Workers: 1
 Concurrent Refinement Workers: 4
 Periodic GC: Disabled
Heap:
 garbage-first heap   total 159744K, used 105424K [0x0000000089400000, 0x0000000100000000)
  region size 1024K, 46 young (47104K), 8 survivors (8192K)
 Metaspace       used 65083K, committed 65280K, reserved 1114112K
  class space    used 7408K, committed 7488K, reserved 1048576K
GC Heap History (20 events):
Event: 6.347 GC heap before
{Heap before GC invocations=13 (full 0):
 garbage-first heap   total 64512K, used 49104K [0x0000000089400000, 0x0000000100000000)
  region size 1024K, 20 young (20480K), 3 survivors (3072K)
 Metaspace       used 47626K, committed 47808K, reserved 1114112K
  class space    used 5755K, committed 5824K, reserved 1048576K
}
Event: 6.357 GC heap after
{Heap after GC invocations=14 (full 0):
 garbage-first heap   total 79872K, used 31926K [0x0000000089400000, 0x0000000100000000)
  region size 1024K, 1 young (1024K), 1 survivors (1024K)
 Metaspace       used 47626K, committed 47808K, reserved 1114112K
  class space    used 5755K, committed 5824K, reserved 1048576K
}
Event: 7.340 GC heap before
{Heap before GC invocations=14 (full 0):
 garbage-first heap   total 79872K, used 55478K [0x0000000089400000, 0x0000000100000000)
  region size 1024K, 25 young (25600K), 1 survivors (1024K)
 Metaspace       used 51802K, committed 51968K, reserved 1114112K
  class space    used 6262K, committed 6336K, reserved 1048576K
}
Event: 7.358 GC heap after
{Heap after GC invocations=15 (full 0):
 garbage-first heap   total 79872K, used 36188K [0x0000000089400000, 0x0000000100000000)
  region size 1024K, 4 young (4096K), 4 survivors (4096K)
 Metaspace       used 51802K, committed 51968K, reserved 1114112K
  class space    used 6262K, committed 6336K, reserved 1048576K
}
Event: 8.219 GC heap before
{Heap before GC invocations=16 (full 0):
 garbage-first heap   total 79872K, used 59740K [0x0000000089400000, 0x0000000100000000)
  region size 1024K, 28 young (28672K), 4 survivors (4096K)
 Metaspace       used 54566K, committed 54784K, reserved 1114112K
  class space    used 6556K, committed 6656K, reserved 1048576K
}
Event: 8.241 GC heap after
{Heap after GC invocations=17 (full 0):
 garbage-first heap   total 79872K, used 39303K [0x0000000089400000, 0x0000000100000000)
  region size 1024K, 3 young (3072K), 3 survivors (3072K)
 Metaspace       used 54566K, committed 54784K, reserved 1114112K
  class space    used 6556K, committed 6656K, reserved 1048576K
}
Event: 8.272 GC heap before
{Heap before GC invocations=17 (full 0):
 garbage-first heap   total 79872K, used 40327K [0x0000000089400000, 0x0000000100000000)
  region size 1024K, 4 young (4096K), 3 survivors (3072K)
 Metaspace       used 54614K, committed 54848K, reserved 1114112K
  class space    used 6561K, committed 6656K, reserved 1048576K
}
Event: 8.284 GC heap after
{Heap after GC invocations=18 (full 0):
 garbage-first heap   total 79872K, used 39355K [0x0000000089400000, 0x0000000100000000)
  region size 1024K, 1 young (1024K), 1 survivors (1024K)
 Metaspace       used 54614K, committed 54848K, reserved 1114112K
  class space    used 6561K, committed 6656K, reserved 1048576K
}
Event: 9.193 GC heap before
{Heap before GC invocations=18 (full 0):
 garbage-first heap   total 79872K, used 60859K [0x0000000089400000, 0x0000000100000000)
  region size 1024K, 22 young (22528K), 1 survivors (1024K)
 Metaspace       used 56652K, committed 56896K, reserved 1114112K
  class space    used 6762K, committed 6848K, reserved 1048576K
}
Event: 9.215 GC heap after
{Heap after GC invocations=19 (full 0):
 garbage-first heap   total 79872K, used 44287K [0x0000000089400000, 0x0000000100000000)
  region size 1024K, 3 young (3072K), 3 survivors (3072K)
 Metaspace       used 56652K, committed 56896K, reserved 1114112K
  class space    used 6762K, committed 6848K, reserved 1048576K
}
Event: 10.001 GC heap before
{Heap before GC invocations=20 (full 0):
 garbage-first heap   total 79872K, used 61695K [0x0000000089400000, 0x0000000100000000)
  region size 1024K, 20 young (20480K), 3 survivors (3072K)
 Metaspace       used 57246K, committed 57536K, reserved 1114112K
  class space    used 6776K, committed 6912K, reserved 1048576K
}
Event: 10.027 GC heap after
{Heap after GC invocations=21 (full 0):
 garbage-first heap   total 79872K, used 47475K [0x0000000089400000, 0x0000000100000000)
  region size 1024K, 3 young (3072K), 3 survivors (3072K)
 Metaspace       used 57246K, committed 57536K, reserved 1114112K
  class space    used 6776K, committed 6912K, reserved 1048576K
}
Event: 10.050 GC heap before
{Heap before GC invocations=21 (full 0):
 garbage-first heap   total 79872K, used 48499K [0x0000000089400000, 0x0000000100000000)
  region size 1024K, 4 young (4096K), 3 survivors (3072K)
 Metaspace       used 57263K, committed 57536K, reserved 1114112K
  class space    used 6776K, committed 6912K, reserved 1048576K
}
Event: 10.065 GC heap after
{Heap after GC invocations=22 (full 0):
 garbage-first heap   total 159744K, used 47404K [0x0000000089400000, 0x0000000100000000)
  region size 1024K, 1 young (1024K), 1 survivors (1024K)
 Metaspace       used 57263K, committed 57536K, reserved 1114112K
  class space    used 6776K, committed 6912K, reserved 1048576K
}
Event: 11.033 GC heap before
{Heap before GC invocations=22 (full 0):
 garbage-first heap   total 159744K, used 108844K [0x0000000089400000, 0x0000000100000000)
  region size 1024K, 61 young (62464K), 1 survivors (1024K)
 Metaspace       used 57783K, committed 58048K, reserved 1114112K
  class space    used 6814K, committed 6912K, reserved 1048576K
}
Event: 11.049 GC heap after
{Heap after GC invocations=23 (full 0):
 garbage-first heap   total 159744K, used 52959K [0x0000000089400000, 0x0000000100000000)
  region size 1024K, 6 young (6144K), 6 survivors (6144K)
 Metaspace       used 57783K, committed 58048K, reserved 1114112K
  class space    used 6814K, committed 6912K, reserved 1048576K
}
Event: 12.938 GC heap before
{Heap before GC invocations=23 (full 0):
 garbage-first heap   total 159744K, used 109279K [0x0000000089400000, 0x0000000100000000)
  region size 1024K, 61 young (62464K), 6 survivors (6144K)
 Metaspace       used 61261K, committed 61504K, reserved 1114112K
  class space    used 7206K, committed 7296K, reserved 1048576K
}
Event: 12.968 GC heap after
{Heap after GC invocations=24 (full 0):
 garbage-first heap   total 159744K, used 59473K [0x0000000089400000, 0x0000000100000000)
  region size 1024K, 7 young (7168K), 7 survivors (7168K)
 Metaspace       used 61261K, committed 61504K, reserved 1114112K
  class space    used 7206K, committed 7296K, reserved 1048576K
}
Event: 16.549 GC heap before
{Heap before GC invocations=24 (full 0):
 garbage-first heap   total 159744K, used 116817K [0x0000000089400000, 0x0000000100000000)
  region size 1024K, 62 young (63488K), 7 survivors (7168K)
 Metaspace       used 64215K, committed 64448K, reserved 1114112K
  class space    used 7402K, committed 7488K, reserved 1048576K
}
Event: 16.588 GC heap after
{Heap after GC invocations=25 (full 0):
 garbage-first heap   total 159744K, used 67536K [0x0000000089400000, 0x0000000100000000)
  region size 1024K, 8 young (8192K), 8 survivors (8192K)
 Metaspace       used 64215K, committed 64448K, reserved 1114112K
  class space    used 7402K, committed 7488K, reserved 1048576K
}

