# JRE version: OpenJDK Runtime Environment (17.0.11) (build 17.0.11+0--11852314)
# Java VM: OpenJDK 64-Bit Server VM (17.0.11+0--11852314, mixed mode, tiered, compressed oops, compressed class ptrs, g1 gc, windows-amd64)
GC Precious Log:
 CPUs: 4 total, 4 available
 Memory: 7592M
 Large Page Support: Disabled
 NUMA Support: Disabled
 Compressed Oops: Enabled (32-bit)
 Heap Region Size: 1M
 Heap Min Capacity: 8M
 Heap Initial Capacity: 120M
 Heap Max Capacity: 2G
 Pre-touch: Disabled
 Parallel Workers: 4
 Concurrent Workers: 1
 Concurrent Refinement Workers: 4
 Periodic GC: Disabled
Heap:
 garbage-first heap   total 296960K, used 276518K [0x0000000080000000, 0x0000000100000000)
  region size 1024K, 77 young (78848K), 6 survivors (6144K)
 Metaspace       used 131094K, committed 132032K, reserved 1179648K
  class space    used 18142K, committed 18624K, reserved 1048576K
GC Heap History (20 events):
Event: 23.324 GC heap before
{Heap before GC invocations=35 (full 0):
 garbage-first heap   total 294912K, used 220664K [0x0000000080000000, 0x0000000100000000)
  region size 1024K, 136 young (139264K), 1 survivors (1024K)
 Metaspace       used 87458K, committed 88064K, reserved 1179648K
  class space    used 11889K, committed 12160K, reserved 1048576K
}
Event: 23.347 GC heap after
{Heap after GC invocations=36 (full 0):
 garbage-first heap   total 294912K, used 88771K [0x0000000080000000, 0x0000000100000000)
  region size 1024K, 8 young (8192K), 8 survivors (8192K)
 Metaspace       used 87458K, committed 88064K, reserved 1179648K
  class space    used 11889K, committed 12160K, reserved 1048576K
}
Event: 26.807 GC heap before
{Heap before GC invocations=36 (full 0):
 garbage-first heap   total 294912K, used 228035K [0x0000000080000000, 0x0000000100000000)
  region size 1024K, 144 young (147456K), 8 survivors (8192K)
 Metaspace       used 97529K, committed 98240K, reserved 1179648K
  class space    used 13508K, committed 13824K, reserved 1048576K
}
Event: 26.835 GC heap after
{Heap after GC invocations=37 (full 0):
 garbage-first heap   total 294912K, used 95113K [0x0000000080000000, 0x0000000100000000)
  region size 1024K, 14 young (14336K), 14 survivors (14336K)
 Metaspace       used 97529K, committed 98240K, reserved 1179648K
  class space    used 13508K, committed 13824K, reserved 1048576K
}
Event: 29.726 GC heap before
{Heap before GC invocations=37 (full 0):
 garbage-first heap   total 294912K, used 238473K [0x0000000080000000, 0x0000000100000000)
  region size 1024K, 150 young (153600K), 14 survivors (14336K)
 Metaspace       used 105858K, committed 106624K, reserved 1179648K
  class space    used 14481K, committed 14848K, reserved 1048576K
}
Event: 29.770 GC heap after
{Heap after GC invocations=38 (full 0):
 garbage-first heap   total 294912K, used 107357K [0x0000000080000000, 0x0000000100000000)
  region size 1024K, 19 young (19456K), 19 survivors (19456K)
 Metaspace       used 105858K, committed 106624K, reserved 1179648K
  class space    used 14481K, committed 14848K, reserved 1048576K
}
Event: 31.247 GC heap before
{Heap before GC invocations=38 (full 0):
 garbage-first heap   total 294912K, used 234333K [0x0000000080000000, 0x0000000100000000)
  region size 1024K, 142 young (145408K), 19 survivors (19456K)
 Metaspace       used 106445K, committed 107200K, reserved 1179648K
  class space    used 14562K, committed 14912K, reserved 1048576K
}
Event: 31.289 GC heap after
{Heap after GC invocations=39 (full 0):
 garbage-first heap   total 294912K, used 112863K [0x0000000080000000, 0x0000000100000000)
  region size 1024K, 6 young (6144K), 6 survivors (6144K)
 Metaspace       used 106445K, committed 107200K, reserved 1179648K
  class space    used 14562K, committed 14912K, reserved 1048576K
}
Event: 32.927 GC heap before
{Heap before GC invocations=39 (full 0):
 garbage-first heap   total 294912K, used 236767K [0x0000000080000000, 0x0000000100000000)
  region size 1024K, 128 young (131072K), 6 survivors (6144K)
 Metaspace       used 106750K, committed 107520K, reserved 1179648K
  class space    used 14592K, committed 14912K, reserved 1048576K
}
Event: 32.948 GC heap after
{Heap after GC invocations=40 (full 0):
 garbage-first heap   total 294912K, used 115713K [0x0000000080000000, 0x0000000100000000)
  region size 1024K, 10 young (10240K), 10 survivors (10240K)
 Metaspace       used 106750K, committed 107520K, reserved 1179648K
  class space    used 14592K, committed 14912K, reserved 1048576K
}
Event: 34.198 GC heap before
{Heap before GC invocations=40 (full 0):
 garbage-first heap   total 294912K, used 237569K [0x0000000080000000, 0x0000000100000000)
  region size 1024K, 130 young (133120K), 10 survivors (10240K)
 Metaspace       used 107322K, committed 108096K, reserved 1179648K
  class space    used 14693K, committed 15040K, reserved 1048576K
}
Event: 34.220 GC heap after
{Heap after GC invocations=41 (full 0):
 garbage-first heap   total 294912K, used 118959K [0x0000000080000000, 0x0000000100000000)
  region size 1024K, 10 young (10240K), 10 survivors (10240K)
 Metaspace       used 107322K, committed 108096K, reserved 1179648K
  class space    used 14693K, committed 15040K, reserved 1048576K
}
Event: 37.234 GC heap before
{Heap before GC invocations=41 (full 0):
 garbage-first heap   total 294912K, used 240815K [0x0000000080000000, 0x0000000100000000)
  region size 1024K, 130 young (133120K), 10 survivors (10240K)
 Metaspace       used 111405K, committed 112192K, reserved 1179648K
  class space    used 15225K, committed 15616K, reserved 1048576K
}
Event: 37.266 GC heap after
{Heap after GC invocations=42 (full 0):
 garbage-first heap   total 294912K, used 125708K [0x0000000080000000, 0x0000000100000000)
  region size 1024K, 12 young (12288K), 12 survivors (12288K)
 Metaspace       used 111405K, committed 112192K, reserved 1179648K
  class space    used 15225K, committed 15616K, reserved 1048576K
}
Event: 47.049 GC heap before
{Heap before GC invocations=42 (full 0):
 garbage-first heap   total 294912K, used 241420K [0x0000000080000000, 0x0000000100000000)
  region size 1024K, 125 young (128000K), 12 survivors (12288K)
 Metaspace       used 111850K, committed 112640K, reserved 1179648K
  class space    used 15294K, committed 15680K, reserved 1048576K
}
Event: 47.077 GC heap after
{Heap after GC invocations=43 (full 0):
 garbage-first heap   total 294912K, used 129536K [0x0000000080000000, 0x0000000100000000)
  region size 1024K, 7 young (7168K), 7 survivors (7168K)
 Metaspace       used 111850K, committed 112640K, reserved 1179648K
  class space    used 15294K, committed 15680K, reserved 1048576K
}
Event: 49.946 GC heap before
{Heap before GC invocations=43 (full 0):
 garbage-first heap   total 294912K, used 241152K [0x0000000080000000, 0x0000000100000000)
  region size 1024K, 117 young (119808K), 7 survivors (7168K)
 Metaspace       used 122782K, committed 123712K, reserved 1179648K
  class space    used 16905K, committed 17344K, reserved 1048576K
}
Event: 49.967 GC heap after
{Heap after GC invocations=44 (full 0):
 garbage-first heap   total 294912K, used 131730K [0x0000000080000000, 0x0000000100000000)
  region size 1024K, 9 young (9216K), 9 survivors (9216K)
 Metaspace       used 122782K, committed 123712K, reserved 1179648K
  class space    used 16905K, committed 17344K, reserved 1048576K
}
Event: 51.113 GC heap before
{Heap before GC invocations=44 (full 0):
 garbage-first heap   total 294912K, used 170642K [0x0000000080000000, 0x0000000100000000)
  region size 1024K, 48 young (49152K), 9 survivors (9216K)
 Metaspace       used 126620K, committed 127488K, reserved 1179648K
  class space    used 17471K, committed 17920K, reserved 1048576K
}
Event: 51.133 GC heap after
{Heap after GC invocations=45 (full 0):
 garbage-first heap   total 294912K, used 132134K [0x0000000080000000, 0x0000000100000000)
  region size 1024K, 6 young (6144K), 6 survivors (6144K)
 Metaspace       used 126620K, committed 127488K, reserved 1179648K
  class space    used 17471K, committed 17920K, reserved 1048576K
}

