# JRE version: OpenJDK Runtime Environment (17.0.11) (build 17.0.11+0--11852314)
# Java VM: OpenJDK 64-Bit Server VM (17.0.11+0--11852314, mixed mode, tiered, compressed oops, compressed class ptrs, g1 gc, windows-amd64)
GC Precious Log:
 CPUs: 4 total, 4 available
 Memory: 7592M
 Large Page Support: Disabled
 NUMA Support: Disabled
 Compressed Oops: Enabled (32-bit)
 Heap Region Size: 1M
 Heap Min Capacity: 8M
 Heap Initial Capacity: 120M
 Heap Max Capacity: 2G
 Pre-touch: Disabled
 Parallel Workers: 4
 Concurrent Workers: 1
 Concurrent Refinement Workers: 4
 Periodic GC: Disabled
Heap:
 garbage-first heap   total 203776K, used 109185K [0x0000000080000000, 0x0000000100000000)
  region size 1024K, 2 young (2048K), 2 survivors (2048K)
 Metaspace       used 105887K, committed 106688K, reserved 1179648K
  class space    used 14488K, committed 14848K, reserved 1048576K
GC Heap History (20 events):
Event: 26.241 GC heap after
{Heap after GC invocations=35 (full 0):
 garbage-first heap   total 177152K, used 90496K [0x0000000080000000, 0x0000000100000000)
  region size 1024K, 5 young (5120K), 5 survivors (5120K)
 Metaspace       used 88145K, committed 88832K, reserved 1179648K
  class space    used 12040K, committed 12352K, reserved 1048576K
}
Event: 26.308 GC heap before
{Heap before GC invocations=35 (full 0):
 garbage-first heap   total 177152K, used 93568K [0x0000000080000000, 0x0000000100000000)
  region size 1024K, 8 young (8192K), 5 survivors (5120K)
 Metaspace       used 88379K, committed 89088K, reserved 1179648K
  class space    used 12097K, committed 12416K, reserved 1048576K
}
Event: 26.319 GC heap after
{Heap after GC invocations=36 (full 0):
 garbage-first heap   total 177152K, used 90461K [0x0000000080000000, 0x0000000100000000)
  region size 1024K, 1 young (1024K), 1 survivors (1024K)
 Metaspace       used 88379K, committed 89088K, reserved 1179648K
  class space    used 12097K, committed 12416K, reserved 1048576K
}
Event: 27.936 GC heap before
{Heap before GC invocations=36 (full 0):
 garbage-first heap   total 177152K, used 142685K [0x0000000080000000, 0x0000000100000000)
  region size 1024K, 52 young (53248K), 1 survivors (1024K)
 Metaspace       used 91920K, committed 92608K, reserved 1179648K
  class space    used 12663K, committed 12992K, reserved 1048576K
}
Event: 27.949 GC heap after
{Heap after GC invocations=37 (full 0):
 garbage-first heap   total 177152K, used 91963K [0x0000000080000000, 0x0000000100000000)
  region size 1024K, 3 young (3072K), 3 survivors (3072K)
 Metaspace       used 91920K, committed 92608K, reserved 1179648K
  class space    used 12663K, committed 12992K, reserved 1048576K
}
Event: 30.059 GC heap before
{Heap before GC invocations=38 (full 0):
 garbage-first heap   total 177152K, used 144187K [0x0000000080000000, 0x0000000100000000)
  region size 1024K, 54 young (55296K), 3 survivors (3072K)
 Metaspace       used 95845K, committed 96576K, reserved 1179648K
  class space    used 13221K, committed 13568K, reserved 1048576K
}
Event: 30.076 GC heap after
{Heap after GC invocations=39 (full 0):
 garbage-first heap   total 177152K, used 95096K [0x0000000080000000, 0x0000000100000000)
  region size 1024K, 6 young (6144K), 6 survivors (6144K)
 Metaspace       used 95845K, committed 96576K, reserved 1179648K
  class space    used 13221K, committed 13568K, reserved 1048576K
}
Event: 30.110 GC heap before
{Heap before GC invocations=39 (full 0):
 garbage-first heap   total 177152K, used 96120K [0x0000000080000000, 0x0000000100000000)
  region size 1024K, 8 young (8192K), 6 survivors (6144K)
 Metaspace       used 96024K, committed 96704K, reserved 1179648K
  class space    used 13252K, committed 13568K, reserved 1048576K
}
Event: 30.125 GC heap after
{Heap after GC invocations=40 (full 0):
 garbage-first heap   total 177152K, used 94862K [0x0000000080000000, 0x0000000100000000)
  region size 1024K, 1 young (1024K), 1 survivors (1024K)
 Metaspace       used 96024K, committed 96704K, reserved 1179648K
  class space    used 13252K, committed 13568K, reserved 1048576K
}
Event: 32.007 GC heap before
{Heap before GC invocations=40 (full 0):
 garbage-first heap   total 177152K, used 145038K [0x0000000080000000, 0x0000000100000000)
  region size 1024K, 50 young (51200K), 1 survivors (1024K)
 Metaspace       used 100503K, committed 101248K, reserved 1179648K
  class space    used 13869K, committed 14208K, reserved 1048576K
}
Event: 32.020 GC heap after
{Heap after GC invocations=41 (full 0):
 garbage-first heap   total 177152K, used 96721K [0x0000000080000000, 0x0000000100000000)
  region size 1024K, 3 young (3072K), 3 survivors (3072K)
 Metaspace       used 100503K, committed 101248K, reserved 1179648K
  class space    used 13869K, committed 14208K, reserved 1048576K
}
Event: 33.981 GC heap before
{Heap before GC invocations=42 (full 0):
 garbage-first heap   total 177152K, used 149969K [0x0000000080000000, 0x0000000100000000)
  region size 1024K, 51 young (52224K), 3 survivors (3072K)
 Metaspace       used 103963K, committed 104640K, reserved 1179648K
  class space    used 14215K, committed 14528K, reserved 1048576K
}
Event: 34.000 GC heap after
{Heap after GC invocations=43 (full 0):
 garbage-first heap   total 177152K, used 102060K [0x0000000080000000, 0x0000000100000000)
  region size 1024K, 7 young (7168K), 7 survivors (7168K)
 Metaspace       used 103963K, committed 104640K, reserved 1179648K
  class space    used 14215K, committed 14528K, reserved 1048576K
}
Event: 34.039 GC heap before
{Heap before GC invocations=43 (full 0):
 garbage-first heap   total 177152K, used 103084K [0x0000000080000000, 0x0000000100000000)
  region size 1024K, 8 young (8192K), 7 survivors (7168K)
 Metaspace       used 104106K, committed 104832K, reserved 1179648K
  class space    used 14248K, committed 14592K, reserved 1048576K
}
Event: 34.057 GC heap after
{Heap after GC invocations=44 (full 0):
 garbage-first heap   total 177152K, used 102369K [0x0000000080000000, 0x0000000100000000)
  region size 1024K, 1 young (1024K), 1 survivors (1024K)
 Metaspace       used 104106K, committed 104832K, reserved 1179648K
  class space    used 14248K, committed 14592K, reserved 1048576K
}
Event: 35.541 GC heap before
{Heap before GC invocations=44 (full 0):
 garbage-first heap   total 177152K, used 144353K [0x0000000080000000, 0x0000000100000000)
  region size 1024K, 43 young (44032K), 1 survivors (1024K)
 Metaspace       used 105820K, committed 106624K, reserved 1179648K
  class space    used 14487K, committed 14848K, reserved 1048576K
}
Event: 35.560 GC heap after
{Heap after GC invocations=45 (full 0):
 garbage-first heap   total 177152K, used 108821K [0x0000000080000000, 0x0000000100000000)
  region size 1024K, 6 young (6144K), 6 survivors (6144K)
 Metaspace       used 105820K, committed 106624K, reserved 1179648K
  class space    used 14487K, committed 14848K, reserved 1048576K
}
Event: 36.319 GC heap before
{Heap before GC invocations=46 (full 0):
 garbage-first heap   total 203776K, used 143637K [0x0000000080000000, 0x0000000100000000)
  region size 1024K, 40 young (40960K), 6 survivors (6144K)
 Metaspace       used 105854K, committed 106624K, reserved 1179648K
  class space    used 14487K, committed 14848K, reserved 1048576K
}
Event: 36.337 GC heap after
{Heap after GC invocations=47 (full 0):
 garbage-first heap   total 203776K, used 110121K [0x0000000080000000, 0x0000000100000000)
  region size 1024K, 3 young (3072K), 3 survivors (3072K)
 Metaspace       used 105854K, committed 106624K, reserved 1179648K
  class space    used 14487K, committed 14848K, reserved 1048576K
}
Event: 36.443 GC heap before
{Heap before GC invocations=47 (full 0):
 garbage-first heap   total 203776K, used 115241K [0x0000000080000000, 0x0000000100000000)
  region size 1024K, 9 young (9216K), 3 survivors (3072K)
 Metaspace       used 105887K, committed 106688K, reserved 1179648K
  class space    used 14488K, committed 14848K, reserved 1048576K
}

