# JRE version: OpenJDK Runtime Environment (17.0.11) (build 17.0.11+0--11852314)
# Java VM: OpenJDK 64-Bit Server VM (17.0.11+0--11852314, mixed mode, tiered, compressed oops, compressed class ptrs, g1 gc, windows-amd64)
GC Precious Log:
 CPUs: 4 total, 4 available
 Memory: 7592M
 Large Page Support: Disabled
 NUMA Support: Disabled
 Compressed Oops: Enabled (32-bit)
 Heap Region Size: 1M
 Heap Min Capacity: 8M
 Heap Initial Capacity: 120M
 Heap Max Capacity: 2G
 Pre-touch: Disabled
 Parallel Workers: 4
 Concurrent Workers: 1
 Concurrent Refinement Workers: 4
 Periodic GC: Disabled
Heap:
 garbage-first heap   total 455680K, used 215745K [0x0000000080000000, 0x0000000100000000)
  region size 1024K, 1 young (1024K), 1 survivors (1024K)
 Metaspace       used 157965K, committed 159168K, reserved 1245184K
  class space    used 20971K, committed 21568K, reserved 1048576K
GC Heap History (20 events):
Event: 96.022 GC heap after
{Heap after GC invocations=55 (full 0):
 garbage-first heap   total 450560K, used 181389K [0x0000000080000000, 0x0000000100000000)
  region size 1024K, 2 young (2048K), 2 survivors (2048K)
 Metaspace       used 151382K, committed 152448K, reserved 1245184K
  class space    used 20459K, committed 20992K, reserved 1048576K
}
Event: 97.568 GC heap before
{Heap before GC invocations=55 (full 0):
 garbage-first heap   total 450560K, used 200845K [0x0000000080000000, 0x0000000100000000)
  region size 1024K, 22 young (22528K), 2 survivors (2048K)
 Metaspace       used 153616K, committed 154624K, reserved 1245184K
  class space    used 20670K, committed 21184K, reserved 1048576K
}
Event: 97.583 GC heap after
{Heap after GC invocations=56 (full 0):
 garbage-first heap   total 450560K, used 169560K [0x0000000080000000, 0x0000000100000000)
  region size 1024K, 2 young (2048K), 2 survivors (2048K)
 Metaspace       used 153616K, committed 154624K, reserved 1245184K
  class space    used 20670K, committed 21184K, reserved 1048576K
}
Event: 211.559 GC heap before
{Heap before GC invocations=56 (full 0):
 garbage-first heap   total 450560K, used 435800K [0x0000000080000000, 0x0000000100000000)
  region size 1024K, 174 young (178176K), 2 survivors (2048K)
 Metaspace       used 156296K, committed 157376K, reserved 1245184K
  class space    used 20862K, committed 21376K, reserved 1048576K
}
Event: 211.590 GC heap after
{Heap after GC invocations=57 (full 0):
 garbage-first heap   total 455680K, used 189909K [0x0000000080000000, 0x0000000100000000)
  region size 1024K, 16 young (16384K), 16 survivors (16384K)
 Metaspace       used 156296K, committed 157376K, reserved 1245184K
  class space    used 20862K, committed 21376K, reserved 1048576K
}
Event: 563.773 GC heap before
{Heap before GC invocations=57 (full 0):
 garbage-first heap   total 455680K, used 414165K [0x0000000080000000, 0x0000000100000000)
  region size 1024K, 200 young (204800K), 16 survivors (16384K)
 Metaspace       used 157164K, committed 158272K, reserved 1245184K
  class space    used 20927K, committed 21504K, reserved 1048576K
}
Event: 563.900 GC heap after
{Heap after GC invocations=58 (full 0):
 garbage-first heap   total 455680K, used 197441K [0x0000000080000000, 0x0000000100000000)
  region size 1024K, 16 young (16384K), 16 survivors (16384K)
 Metaspace       used 157164K, committed 158272K, reserved 1245184K
  class space    used 20927K, committed 21504K, reserved 1048576K
}
Event: 566.833 GC heap before
{Heap before GC invocations=58 (full 0):
 garbage-first heap   total 455680K, used 333633K [0x0000000080000000, 0x0000000100000000)
  region size 1024K, 101 young (103424K), 16 survivors (16384K)
 Metaspace       used 157387K, committed 158528K, reserved 1245184K
  class space    used 20927K, committed 21504K, reserved 1048576K
}
Event: 566.862 GC heap after
{Heap after GC invocations=59 (full 0):
 garbage-first heap   total 455680K, used 203906K [0x0000000080000000, 0x0000000100000000)
  region size 1024K, 3 young (3072K), 3 survivors (3072K)
 Metaspace       used 157387K, committed 158528K, reserved 1245184K
  class space    used 20927K, committed 21504K, reserved 1048576K
}
Event: 566.939 GC heap before
{Heap before GC invocations=59 (full 0):
 garbage-first heap   total 455680K, used 246914K [0x0000000080000000, 0x0000000100000000)
  region size 1024K, 4 young (4096K), 3 survivors (3072K)
 Metaspace       used 157388K, committed 158528K, reserved 1245184K
  class space    used 20927K, committed 21504K, reserved 1048576K
}
Event: 566.944 GC heap after
{Heap after GC invocations=60 (full 0):
 garbage-first heap   total 455680K, used 204854K [0x0000000080000000, 0x0000000100000000)
  region size 1024K, 2 young (2048K), 2 survivors (2048K)
 Metaspace       used 157388K, committed 158528K, reserved 1245184K
  class space    used 20927K, committed 21504K, reserved 1048576K
}
Event: 727.583 GC heap before
{Heap before GC invocations=60 (full 0):
 garbage-first heap   total 455680K, used 413750K [0x0000000080000000, 0x0000000100000000)
  region size 1024K, 172 young (176128K), 2 survivors (2048K)
 Metaspace       used 157965K, committed 159168K, reserved 1245184K
  class space    used 20971K, committed 21568K, reserved 1048576K
}
Event: 727.613 GC heap after
{Heap after GC invocations=61 (full 0):
 garbage-first heap   total 455680K, used 211754K [0x0000000080000000, 0x0000000100000000)
  region size 1024K, 15 young (15360K), 15 survivors (15360K)
 Metaspace       used 157965K, committed 159168K, reserved 1245184K
  class space    used 20971K, committed 21568K, reserved 1048576K
}
Event: 727.719 GC heap before
{Heap before GC invocations=61 (full 0):
 garbage-first heap   total 455680K, used 254762K [0x0000000080000000, 0x0000000100000000)
  region size 1024K, 16 young (16384K), 15 survivors (15360K)
 Metaspace       used 157965K, committed 159168K, reserved 1245184K
  class space    used 20971K, committed 21568K, reserved 1048576K
}
Event: 727.744 GC heap after
{Heap after GC invocations=62 (full 0):
 garbage-first heap   total 455680K, used 219796K [0x0000000080000000, 0x0000000100000000)
  region size 1024K, 2 young (2048K), 2 survivors (2048K)
 Metaspace       used 157965K, committed 159168K, reserved 1245184K
  class space    used 20971K, committed 21568K, reserved 1048576K
}
Event: 727.785 GC heap before
{Heap before GC invocations=62 (full 0):
 garbage-first heap   total 455680K, used 234132K [0x0000000080000000, 0x0000000100000000)
  region size 1024K, 3 young (3072K), 2 survivors (2048K)
 Metaspace       used 157965K, committed 159168K, reserved 1245184K
  class space    used 20971K, committed 21568K, reserved 1048576K
}
Event: 727.788 GC heap after
{Heap after GC invocations=63 (full 0):
 garbage-first heap   total 455680K, used 216249K [0x0000000080000000, 0x0000000100000000)
  region size 1024K, 1 young (1024K), 1 survivors (1024K)
 Metaspace       used 157965K, committed 159168K, reserved 1245184K
  class space    used 20971K, committed 21568K, reserved 1048576K
}
Event: 727.817 GC heap before
{Heap before GC invocations=63 (full 0):
 garbage-first heap   total 455680K, used 226489K [0x0000000080000000, 0x0000000100000000)
  region size 1024K, 2 young (2048K), 1 survivors (1024K)
 Metaspace       used 157965K, committed 159168K, reserved 1245184K
  class space    used 20971K, committed 21568K, reserved 1048576K
}
Event: 727.820 GC heap after
{Heap after GC invocations=64 (full 0):
 garbage-first heap   total 455680K, used 215840K [0x0000000080000000, 0x0000000100000000)
  region size 1024K, 1 young (1024K), 1 survivors (1024K)
 Metaspace       used 157965K, committed 159168K, reserved 1245184K
  class space    used 20971K, committed 21568K, reserved 1048576K
}
Event: 727.836 GC heap before
{Heap before GC invocations=64 (full 0):
 garbage-first heap   total 455680K, used 221984K [0x0000000080000000, 0x0000000100000000)
  region size 1024K, 2 young (2048K), 1 survivors (1024K)
 Metaspace       used 157965K, committed 159168K, reserved 1245184K
  class space    used 20971K, committed 21568K, reserved 1048576K
}

