# JRE version: OpenJDK Runtime Environment (17.0.11) (build 17.0.11+0--11852314)
# Java VM: OpenJDK 64-Bit Server VM (17.0.11+0--11852314, mixed mode, tiered, compressed oops, compressed class ptrs, g1 gc, windows-amd64)
GC Precious Log:
 CPUs: 4 total, 4 available
 Memory: 7592M
 Large Page Support: Disabled
 NUMA Support: Disabled
 Compressed Oops: Enabled (32-bit)
 Heap Region Size: 1M
 Heap Min Capacity: 8M
 Heap Initial Capacity: 120M
 Heap Max Capacity: 2G
 Pre-touch: Disabled
 Parallel Workers: 4
 Concurrent Workers: 1
 Concurrent Refinement Workers: 4
 Periodic GC: Disabled
Heap:
 garbage-first heap   total 326656K, used 285181K [0x0000000080000000, 0x0000000100000000)
  region size 1024K, 9 young (9216K), 7 survivors (7168K)
 Metaspace       used 140669K, committed 141696K, reserved 1179648K
  class space    used 18951K, committed 19456K, reserved 1048576K
GC Heap History (20 events):
Event: 64.246 GC heap before
{Heap before GC invocations=46 (full 0):
 garbage-first heap   total 325632K, used 244196K [0x0000000080000000, 0x0000000100000000)
  region size 1024K, 15 young (15360K), 8 survivors (8192K)
 Metaspace       used 133274K, committed 134208K, reserved 1179648K
  class space    used 18413K, committed 18880K, reserved 1048576K
}
Event: 64.266 GC heap after
{Heap after GC invocations=47 (full 0):
 garbage-first heap   total 325632K, used 143812K [0x0000000080000000, 0x0000000100000000)
  region size 1024K, 1 young (1024K), 1 survivors (1024K)
 Metaspace       used 133274K, committed 134208K, reserved 1179648K
  class space    used 18413K, committed 18880K, reserved 1048576K
}
Event: 177.271 GC heap before
{Heap before GC invocations=47 (full 0):
 garbage-first heap   total 325632K, used 270788K [0x0000000080000000, 0x0000000100000000)
  region size 1024K, 126 young (129024K), 1 survivors (1024K)
 Metaspace       used 138804K, committed 139840K, reserved 1179648K
  class space    used 18891K, committed 19392K, reserved 1048576K
}
Event: 177.314 GC heap after
{Heap after GC invocations=48 (full 0):
 garbage-first heap   total 325632K, used 153757K [0x0000000080000000, 0x0000000100000000)
  region size 1024K, 11 young (11264K), 11 survivors (11264K)
 Metaspace       used 138804K, committed 139840K, reserved 1179648K
  class space    used 18891K, committed 19392K, reserved 1048576K
}
Event: 184.277 GC heap before
{Heap before GC invocations=49 (full 0):
 garbage-first heap   total 325632K, used 268445K [0x0000000080000000, 0x0000000100000000)
  region size 1024K, 124 young (126976K), 11 survivors (11264K)
 Metaspace       used 139550K, committed 140544K, reserved 1179648K
  class space    used 18899K, committed 19392K, reserved 1048576K
}
Event: 184.321 GC heap after
{Heap after GC invocations=50 (full 0):
 garbage-first heap   total 325632K, used 159737K [0x0000000080000000, 0x0000000100000000)
  region size 1024K, 7 young (7168K), 7 survivors (7168K)
 Metaspace       used 139550K, committed 140544K, reserved 1179648K
  class space    used 18899K, committed 19392K, reserved 1048576K
}
Event: 184.814 GC heap before
{Heap before GC invocations=50 (full 0):
 garbage-first heap   total 325632K, used 315385K [0x0000000080000000, 0x0000000100000000)
  region size 1024K, 12 young (12288K), 7 survivors (7168K)
 Metaspace       used 139565K, committed 140544K, reserved 1179648K
  class space    used 18899K, committed 19392K, reserved 1048576K
}
Event: 184.830 GC heap after
{Heap after GC invocations=51 (full 0):
 garbage-first heap   total 326656K, used 166497K [0x0000000080000000, 0x0000000100000000)
  region size 1024K, 2 young (2048K), 2 survivors (2048K)
 Metaspace       used 139565K, committed 140544K, reserved 1179648K
  class space    used 18899K, committed 19392K, reserved 1048576K
}
Event: 430.723 GC heap before
{Heap before GC invocations=51 (full 0):
 garbage-first heap   total 326656K, used 303713K [0x0000000080000000, 0x0000000100000000)
  region size 1024K, 105 young (107520K), 2 survivors (2048K)
 Metaspace       used 140041K, committed 141056K, reserved 1179648K
  class space    used 18931K, committed 19456K, reserved 1048576K
}
Event: 430.749 GC heap after
{Heap after GC invocations=52 (full 0):
 garbage-first heap   total 326656K, used 169273K [0x0000000080000000, 0x0000000100000000)
  region size 1024K, 11 young (11264K), 11 survivors (11264K)
 Metaspace       used 140041K, committed 141056K, reserved 1179648K
  class space    used 18931K, committed 19456K, reserved 1048576K
}
Event: 435.865 GC heap before
{Heap before GC invocations=52 (full 0):
 garbage-first heap   total 326656K, used 267577K [0x0000000080000000, 0x0000000100000000)
  region size 1024K, 108 young (110592K), 11 survivors (11264K)
 Metaspace       used 140390K, committed 141440K, reserved 1179648K
  class space    used 18951K, committed 19456K, reserved 1048576K
}
Event: 435.894 GC heap after
{Heap after GC invocations=53 (full 0):
 garbage-first heap   total 326656K, used 175145K [0x0000000080000000, 0x0000000100000000)
  region size 1024K, 6 young (6144K), 6 survivors (6144K)
 Metaspace       used 140390K, committed 141440K, reserved 1179648K
  class space    used 18951K, committed 19456K, reserved 1048576K
}
Event: 436.553 GC heap before
{Heap before GC invocations=53 (full 0):
 garbage-first heap   total 326656K, used 233513K [0x0000000080000000, 0x0000000100000000)
  region size 1024K, 35 young (35840K), 6 survivors (6144K)
 Metaspace       used 140661K, committed 141696K, reserved 1179648K
  class space    used 18951K, committed 19456K, reserved 1048576K
}
Event: 436.567 GC heap after
{Heap after GC invocations=54 (full 0):
 garbage-first heap   total 326656K, used 182099K [0x0000000080000000, 0x0000000100000000)
  region size 1024K, 7 young (7168K), 7 survivors (7168K)
 Metaspace       used 140661K, committed 141696K, reserved 1179648K
  class space    used 18951K, committed 19456K, reserved 1048576K
}
Event: 436.629 GC heap before
{Heap before GC invocations=54 (full 0):
 garbage-first heap   total 326656K, used 206675K [0x0000000080000000, 0x0000000100000000)
  region size 1024K, 8 young (8192K), 7 survivors (7168K)
 Metaspace       used 140661K, committed 141696K, reserved 1179648K
  class space    used 18951K, committed 19456K, reserved 1048576K
}
Event: 436.643 GC heap after
{Heap after GC invocations=55 (full 0):
 garbage-first heap   total 326656K, used 181458K [0x0000000080000000, 0x0000000100000000)
  region size 1024K, 6 young (6144K), 6 survivors (6144K)
 Metaspace       used 140661K, committed 141696K, reserved 1179648K
  class space    used 18951K, committed 19456K, reserved 1048576K
}
Event: 436.688 GC heap before
{Heap before GC invocations=55 (full 0):
 garbage-first heap   total 326656K, used 203986K [0x0000000080000000, 0x0000000100000000)
  region size 1024K, 7 young (7168K), 6 survivors (6144K)
 Metaspace       used 140661K, committed 141696K, reserved 1179648K
  class space    used 18951K, committed 19456K, reserved 1048576K
}
Event: 436.698 GC heap after
{Heap after GC invocations=56 (full 0):
 garbage-first heap   total 326656K, used 185854K [0x0000000080000000, 0x0000000100000000)
  region size 1024K, 7 young (7168K), 7 survivors (7168K)
 Metaspace       used 140661K, committed 141696K, reserved 1179648K
  class space    used 18951K, committed 19456K, reserved 1048576K
}
Event: 436.711 GC heap before
{Heap before GC invocations=56 (full 0):
 garbage-first heap   total 326656K, used 187902K [0x0000000080000000, 0x0000000100000000)
  region size 1024K, 8 young (8192K), 7 survivors (7168K)
 Metaspace       used 140661K, committed 141696K, reserved 1179648K
  class space    used 18951K, committed 19456K, reserved 1048576K
}
Event: 436.722 GC heap after
{Heap after GC invocations=57 (full 0):
 garbage-first heap   total 326656K, used 181757K [0x0000000080000000, 0x0000000100000000)
  region size 1024K, 7 young (7168K), 7 survivors (7168K)
 Metaspace       used 140661K, committed 141696K, reserved 1179648K
  class space    used 18951K, committed 19456K, reserved 1048576K
}

