# JRE version: OpenJDK Runtime Environment (17.0.11) (build 17.0.11+0--11852314)
# Java VM: OpenJDK 64-Bit Server VM (17.0.11+0--11852314, mixed mode, tiered, compressed oops, compressed class ptrs, g1 gc, windows-amd64)
GC Precious Log:
 CPUs: 4 total, 4 available
 Memory: 7592M
 Large Page Support: Disabled
 NUMA Support: Disabled
 Compressed Oops: Enabled (32-bit)
 Heap Region Size: 1M
 Heap Min Capacity: 8M
 Heap Initial Capacity: 120M
 Heap Max Capacity: 1900M
 Pre-touch: Disabled
 Parallel Workers: 4
 Concurrent Workers: 1
 Concurrent Refinement Workers: 4
 Periodic GC: Disabled
Heap:
 garbage-first heap   total 122880K, used 53798K [0x0000000089400000, 0x0000000100000000)
  region size 1024K, 1 young (1024K), 1 survivors (1024K)
 Metaspace       used 57885K, committed 58112K, reserved 1114112K
  class space    used 6818K, committed 6912K, reserved 1048576K
GC Heap History (20 events):
Event: 6.877 GC heap after
{Heap after GC invocations=14 (full 0):
 garbage-first heap   total 74752K, used 30629K [0x0000000089400000, 0x0000000100000000)
  region size 1024K, 3 young (3072K), 3 survivors (3072K)
 Metaspace       used 47403K, committed 47616K, reserved 1114112K
  class space    used 5731K, committed 5824K, reserved 1048576K
}
Event: 7.803 GC heap before
{Heap before GC invocations=14 (full 0):
 garbage-first heap   total 74752K, used 55205K [0x0000000089400000, 0x0000000100000000)
  region size 1024K, 27 young (27648K), 3 survivors (3072K)
 Metaspace       used 48043K, committed 48256K, reserved 1114112K
  class space    used 5782K, committed 5888K, reserved 1048576K
}
Event: 7.817 GC heap after
{Heap after GC invocations=15 (full 0):
 garbage-first heap   total 74752K, used 32117K [0x0000000089400000, 0x0000000100000000)
  region size 1024K, 4 young (4096K), 4 survivors (4096K)
 Metaspace       used 48043K, committed 48256K, reserved 1114112K
  class space    used 5782K, committed 5888K, reserved 1048576K
}
Event: 8.801 GC heap before
{Heap before GC invocations=15 (full 0):
 garbage-first heap   total 74752K, used 55669K [0x0000000089400000, 0x0000000100000000)
  region size 1024K, 28 young (28672K), 4 survivors (4096K)
 Metaspace       used 52478K, committed 52672K, reserved 1114112K
  class space    used 6326K, committed 6400K, reserved 1048576K
}
Event: 8.823 GC heap after
{Heap after GC invocations=16 (full 0):
 garbage-first heap   total 74752K, used 35872K [0x0000000089400000, 0x0000000100000000)
  region size 1024K, 4 young (4096K), 4 survivors (4096K)
 Metaspace       used 52478K, committed 52672K, reserved 1114112K
  class space    used 6326K, committed 6400K, reserved 1048576K
}
Event: 10.786 GC heap before
{Heap before GC invocations=16 (full 0):
 garbage-first heap   total 74752K, used 57376K [0x0000000089400000, 0x0000000100000000)
  region size 1024K, 25 young (25600K), 4 survivors (4096K)
 Metaspace       used 54728K, committed 54976K, reserved 1114112K
  class space    used 6540K, committed 6656K, reserved 1048576K
}
Event: 10.813 GC heap after
{Heap after GC invocations=17 (full 0):
 garbage-first heap   total 74752K, used 39307K [0x0000000089400000, 0x0000000100000000)
  region size 1024K, 3 young (3072K), 3 survivors (3072K)
 Metaspace       used 54728K, committed 54976K, reserved 1114112K
  class space    used 6540K, committed 6656K, reserved 1048576K
}
Event: 11.656 GC heap before
{Heap before GC invocations=17 (full 0):
 garbage-first heap   total 74752K, used 54667K [0x0000000089400000, 0x0000000100000000)
  region size 1024K, 19 young (19456K), 3 survivors (3072K)
 Metaspace       used 56299K, committed 56448K, reserved 1114112K
  class space    used 6709K, committed 6784K, reserved 1048576K
}
Event: 11.671 GC heap after
{Heap after GC invocations=18 (full 0):
 garbage-first heap   total 90112K, used 43309K [0x0000000089400000, 0x0000000100000000)
  region size 1024K, 3 young (3072K), 3 survivors (3072K)
 Metaspace       used 56299K, committed 56448K, reserved 1114112K
  class space    used 6709K, committed 6784K, reserved 1048576K
}
Event: 12.912 GC heap before
{Heap before GC invocations=19 (full 0):
 garbage-first heap   total 90112K, used 67885K [0x0000000089400000, 0x0000000100000000)
  region size 1024K, 27 young (27648K), 3 survivors (3072K)
 Metaspace       used 57359K, committed 57664K, reserved 1114112K
  class space    used 6779K, committed 6912K, reserved 1048576K
}
Event: 12.933 GC heap after
{Heap after GC invocations=20 (full 0):
 garbage-first heap   total 90112K, used 48075K [0x0000000089400000, 0x0000000100000000)
  region size 1024K, 4 young (4096K), 4 survivors (4096K)
 Metaspace       used 57359K, committed 57664K, reserved 1114112K
  class space    used 6779K, committed 6912K, reserved 1048576K
}
Event: 12.959 GC heap before
{Heap before GC invocations=20 (full 0):
 garbage-first heap   total 90112K, used 49099K [0x0000000089400000, 0x0000000100000000)
  region size 1024K, 5 young (5120K), 4 survivors (4096K)
 Metaspace       used 57366K, committed 57664K, reserved 1114112K
  class space    used 6779K, committed 6912K, reserved 1048576K
}
Event: 12.977 GC heap after
{Heap after GC invocations=21 (full 0):
 garbage-first heap   total 90112K, used 48455K [0x0000000089400000, 0x0000000100000000)
  region size 1024K, 1 young (1024K), 1 survivors (1024K)
 Metaspace       used 57366K, committed 57664K, reserved 1114112K
  class space    used 6779K, committed 6912K, reserved 1048576K
}
Event: 13.441 GC heap before
{Heap before GC invocations=21 (full 0):
 garbage-first heap   total 90112K, used 68935K [0x0000000089400000, 0x0000000100000000)
  region size 1024K, 21 young (21504K), 1 survivors (1024K)
 Metaspace       used 57653K, committed 57920K, reserved 1114112K
  class space    used 6799K, committed 6912K, reserved 1048576K
}
Event: 13.465 GC heap after
{Heap after GC invocations=22 (full 0):
 garbage-first heap   total 90112K, used 52171K [0x0000000089400000, 0x0000000100000000)
  region size 1024K, 3 young (3072K), 3 survivors (3072K)
 Metaspace       used 57653K, committed 57920K, reserved 1114112K
  class space    used 6799K, committed 6912K, reserved 1048576K
}
Event: 13.983 GC heap before
{Heap before GC invocations=23 (full 0):
 garbage-first heap   total 94208K, used 70603K [0x0000000089400000, 0x0000000100000000)
  region size 1024K, 21 young (21504K), 3 survivors (3072K)
 Metaspace       used 57884K, committed 58112K, reserved 1114112K
  class space    used 6818K, committed 6912K, reserved 1048576K
}
Event: 14.001 GC heap after
{Heap after GC invocations=24 (full 0):
 garbage-first heap   total 94208K, used 54664K [0x0000000089400000, 0x0000000100000000)
  region size 1024K, 3 young (3072K), 3 survivors (3072K)
 Metaspace       used 57884K, committed 58112K, reserved 1114112K
  class space    used 6818K, committed 6912K, reserved 1048576K
}
Event: 14.004 GC heap before
{Heap before GC invocations=24 (full 0):
 garbage-first heap   total 94208K, used 55688K [0x0000000089400000, 0x0000000100000000)
  region size 1024K, 4 young (4096K), 3 survivors (3072K)
 Metaspace       used 57884K, committed 58112K, reserved 1114112K
  class space    used 6818K, committed 6912K, reserved 1048576K
}
Event: 14.013 GC heap after
{Heap after GC invocations=25 (full 0):
 garbage-first heap   total 94208K, used 54165K [0x0000000089400000, 0x0000000100000000)
  region size 1024K, 1 young (1024K), 1 survivors (1024K)
 Metaspace       used 57884K, committed 58112K, reserved 1114112K
  class space    used 6818K, committed 6912K, reserved 1048576K
}
Event: 14.108 GC heap before
{Heap before GC invocations=25 (full 0):
 garbage-first heap   total 94208K, used 73621K [0x0000000089400000, 0x0000000100000000)
  region size 1024K, 20 young (20480K), 1 survivors (1024K)
 Metaspace       used 57885K, committed 58112K, reserved 1114112K
  class space    used 6818K, committed 6912K, reserved 1048576K
}

